ARM GAS  C:\Users\Daniel\AppData\Local\Temp\ccdjF2hP.s 			page 1


   1              		.cpu cortex-m0
   2              		.arch armv6s-m
   3              		.fpu softvfp
   4              		.eabi_attribute 20, 1
   5              		.eabi_attribute 21, 1
   6              		.eabi_attribute 23, 3
   7              		.eabi_attribute 24, 1
   8              		.eabi_attribute 25, 1
   9              		.eabi_attribute 26, 1
  10              		.eabi_attribute 30, 1
  11              		.eabi_attribute 34, 0
  12              		.eabi_attribute 18, 4
  13              		.file	"stm32f0xx_hal_msp.c"
  14              		.text
  15              	.Ltext0:
  16              		.cfi_sections	.debug_frame
  17              		.file 1 "Core/Src/stm32f0xx_hal_msp.c"
  18              		.section	.text.HAL_MspInit,"ax",%progbits
  19              		.align	1
  20              		.global	HAL_MspInit
  21              		.syntax unified
  22              		.code	16
  23              		.thumb_func
  25              	HAL_MspInit:
  26              	.LFB40:
   1:Core/Src/stm32f0xx_hal_msp.c **** /* USER CODE BEGIN Header */
   2:Core/Src/stm32f0xx_hal_msp.c **** /**
   3:Core/Src/stm32f0xx_hal_msp.c ****   ******************************************************************************
   4:Core/Src/stm32f0xx_hal_msp.c ****   * @file         stm32f0xx_hal_msp.c
   5:Core/Src/stm32f0xx_hal_msp.c ****   * @brief        This file provides code for the MSP Initialization
   6:Core/Src/stm32f0xx_hal_msp.c ****   *               and de-Initialization codes.
   7:Core/Src/stm32f0xx_hal_msp.c ****   ******************************************************************************
   8:Core/Src/stm32f0xx_hal_msp.c ****   * @attention
   9:Core/Src/stm32f0xx_hal_msp.c ****   *
  10:Core/Src/stm32f0xx_hal_msp.c ****   * Copyright (c) 2023 STMicroelectronics.
  11:Core/Src/stm32f0xx_hal_msp.c ****   * All rights reserved.
  12:Core/Src/stm32f0xx_hal_msp.c ****   *
  13:Core/Src/stm32f0xx_hal_msp.c ****   * This software is licensed under terms that can be found in the LICENSE file
  14:Core/Src/stm32f0xx_hal_msp.c ****   * in the root directory of this software component.
  15:Core/Src/stm32f0xx_hal_msp.c ****   * If no LICENSE file comes with this software, it is provided AS-IS.
  16:Core/Src/stm32f0xx_hal_msp.c ****   *
  17:Core/Src/stm32f0xx_hal_msp.c ****   ******************************************************************************
  18:Core/Src/stm32f0xx_hal_msp.c ****   */
  19:Core/Src/stm32f0xx_hal_msp.c **** /* USER CODE END Header */
  20:Core/Src/stm32f0xx_hal_msp.c **** 
  21:Core/Src/stm32f0xx_hal_msp.c **** /* Includes ------------------------------------------------------------------*/
  22:Core/Src/stm32f0xx_hal_msp.c **** #include "main.h"
  23:Core/Src/stm32f0xx_hal_msp.c **** /* USER CODE BEGIN Includes */
  24:Core/Src/stm32f0xx_hal_msp.c **** 
  25:Core/Src/stm32f0xx_hal_msp.c **** /* USER CODE END Includes */
  26:Core/Src/stm32f0xx_hal_msp.c **** 
  27:Core/Src/stm32f0xx_hal_msp.c **** /* Private typedef -----------------------------------------------------------*/
  28:Core/Src/stm32f0xx_hal_msp.c **** /* USER CODE BEGIN TD */
  29:Core/Src/stm32f0xx_hal_msp.c **** 
  30:Core/Src/stm32f0xx_hal_msp.c **** /* USER CODE END TD */
  31:Core/Src/stm32f0xx_hal_msp.c **** 
  32:Core/Src/stm32f0xx_hal_msp.c **** /* Private define ------------------------------------------------------------*/
ARM GAS  C:\Users\Daniel\AppData\Local\Temp\ccdjF2hP.s 			page 2


  33:Core/Src/stm32f0xx_hal_msp.c **** /* USER CODE BEGIN Define */
  34:Core/Src/stm32f0xx_hal_msp.c **** 
  35:Core/Src/stm32f0xx_hal_msp.c **** /* USER CODE END Define */
  36:Core/Src/stm32f0xx_hal_msp.c **** 
  37:Core/Src/stm32f0xx_hal_msp.c **** /* Private macro -------------------------------------------------------------*/
  38:Core/Src/stm32f0xx_hal_msp.c **** /* USER CODE BEGIN Macro */
  39:Core/Src/stm32f0xx_hal_msp.c **** 
  40:Core/Src/stm32f0xx_hal_msp.c **** /* USER CODE END Macro */
  41:Core/Src/stm32f0xx_hal_msp.c **** 
  42:Core/Src/stm32f0xx_hal_msp.c **** /* Private variables ---------------------------------------------------------*/
  43:Core/Src/stm32f0xx_hal_msp.c **** /* USER CODE BEGIN PV */
  44:Core/Src/stm32f0xx_hal_msp.c **** 
  45:Core/Src/stm32f0xx_hal_msp.c **** /* USER CODE END PV */
  46:Core/Src/stm32f0xx_hal_msp.c **** 
  47:Core/Src/stm32f0xx_hal_msp.c **** /* Private function prototypes -----------------------------------------------*/
  48:Core/Src/stm32f0xx_hal_msp.c **** /* USER CODE BEGIN PFP */
  49:Core/Src/stm32f0xx_hal_msp.c **** 
  50:Core/Src/stm32f0xx_hal_msp.c **** /* USER CODE END PFP */
  51:Core/Src/stm32f0xx_hal_msp.c **** 
  52:Core/Src/stm32f0xx_hal_msp.c **** /* External functions --------------------------------------------------------*/
  53:Core/Src/stm32f0xx_hal_msp.c **** /* USER CODE BEGIN ExternalFunctions */
  54:Core/Src/stm32f0xx_hal_msp.c **** 
  55:Core/Src/stm32f0xx_hal_msp.c **** /* USER CODE END ExternalFunctions */
  56:Core/Src/stm32f0xx_hal_msp.c **** 
  57:Core/Src/stm32f0xx_hal_msp.c **** /* USER CODE BEGIN 0 */
  58:Core/Src/stm32f0xx_hal_msp.c **** 
  59:Core/Src/stm32f0xx_hal_msp.c **** /* USER CODE END 0 */
  60:Core/Src/stm32f0xx_hal_msp.c **** /**
  61:Core/Src/stm32f0xx_hal_msp.c ****   * Initializes the Global MSP.
  62:Core/Src/stm32f0xx_hal_msp.c ****   */
  63:Core/Src/stm32f0xx_hal_msp.c **** void HAL_MspInit(void)
  64:Core/Src/stm32f0xx_hal_msp.c **** {
  27              		.loc 1 64 1 view -0
  28              		.cfi_startproc
  29              		@ args = 0, pretend = 0, frame = 8
  30              		@ frame_needed = 0, uses_anonymous_args = 0
  31              		@ link register save eliminated.
  32 0000 82B0     		sub	sp, sp, #8
  33              		.cfi_def_cfa_offset 8
  65:Core/Src/stm32f0xx_hal_msp.c ****   /* USER CODE BEGIN MspInit 0 */
  66:Core/Src/stm32f0xx_hal_msp.c **** 
  67:Core/Src/stm32f0xx_hal_msp.c ****   /* USER CODE END MspInit 0 */
  68:Core/Src/stm32f0xx_hal_msp.c **** 
  69:Core/Src/stm32f0xx_hal_msp.c ****   __HAL_RCC_SYSCFG_CLK_ENABLE();
  34              		.loc 1 69 3 view .LVU1
  35              	.LBB2:
  36              		.loc 1 69 3 view .LVU2
  37              		.loc 1 69 3 view .LVU3
  38 0002 0C4B     		ldr	r3, .L2
  39 0004 9969     		ldr	r1, [r3, #24]
  40 0006 0122     		movs	r2, #1
  41 0008 1143     		orrs	r1, r2
  42 000a 9961     		str	r1, [r3, #24]
  43              		.loc 1 69 3 view .LVU4
  44 000c 9969     		ldr	r1, [r3, #24]
  45 000e 0A40     		ands	r2, r1
  46 0010 0092     		str	r2, [sp]
ARM GAS  C:\Users\Daniel\AppData\Local\Temp\ccdjF2hP.s 			page 3


  47              		.loc 1 69 3 view .LVU5
  48 0012 009A     		ldr	r2, [sp]
  49              	.LBE2:
  50              		.loc 1 69 3 view .LVU6
  70:Core/Src/stm32f0xx_hal_msp.c ****   __HAL_RCC_PWR_CLK_ENABLE();
  51              		.loc 1 70 3 view .LVU7
  52              	.LBB3:
  53              		.loc 1 70 3 view .LVU8
  54              		.loc 1 70 3 view .LVU9
  55 0014 DA69     		ldr	r2, [r3, #28]
  56 0016 8021     		movs	r1, #128
  57 0018 4905     		lsls	r1, r1, #21
  58 001a 0A43     		orrs	r2, r1
  59 001c DA61     		str	r2, [r3, #28]
  60              		.loc 1 70 3 view .LVU10
  61 001e DB69     		ldr	r3, [r3, #28]
  62 0020 0B40     		ands	r3, r1
  63 0022 0193     		str	r3, [sp, #4]
  64              		.loc 1 70 3 view .LVU11
  65 0024 019B     		ldr	r3, [sp, #4]
  66              	.LBE3:
  67              		.loc 1 70 3 view .LVU12
  71:Core/Src/stm32f0xx_hal_msp.c **** 
  72:Core/Src/stm32f0xx_hal_msp.c ****   /* System interrupt init*/
  73:Core/Src/stm32f0xx_hal_msp.c **** 
  74:Core/Src/stm32f0xx_hal_msp.c ****   __HAL_REMAP_PIN_ENABLE(HAL_REMAP_PA11_PA12);
  68              		.loc 1 74 3 view .LVU13
  69              		.loc 1 74 3 view .LVU14
  70              		.loc 1 74 3 view .LVU15
  71 0026 044A     		ldr	r2, .L2+4
  72 0028 1368     		ldr	r3, [r2]
  73 002a 1021     		movs	r1, #16
  74 002c 0B43     		orrs	r3, r1
  75 002e 1360     		str	r3, [r2]
  76              		.loc 1 74 3 view .LVU16
  75:Core/Src/stm32f0xx_hal_msp.c **** 
  76:Core/Src/stm32f0xx_hal_msp.c ****   /* USER CODE BEGIN MspInit 1 */
  77:Core/Src/stm32f0xx_hal_msp.c **** 
  78:Core/Src/stm32f0xx_hal_msp.c ****   /* USER CODE END MspInit 1 */
  79:Core/Src/stm32f0xx_hal_msp.c **** }
  77              		.loc 1 79 1 is_stmt 0 view .LVU17
  78 0030 02B0     		add	sp, sp, #8
  79              		@ sp needed
  80 0032 7047     		bx	lr
  81              	.L3:
  82              		.align	2
  83              	.L2:
  84 0034 00100240 		.word	1073876992
  85 0038 00000140 		.word	1073807360
  86              		.cfi_endproc
  87              	.LFE40:
  89              		.text
  90              	.Letext0:
  91              		.file 2 "c:\\users\\daniel\\appdata\\roaming\\code\\user\\globalstorage\\bmd.stm32-for-vscode\\@xp
  92              		.file 3 "c:\\users\\daniel\\appdata\\roaming\\code\\user\\globalstorage\\bmd.stm32-for-vscode\\@xp
  93              		.file 4 "Drivers/CMSIS/Device/ST/STM32F0xx/Include/stm32f042x6.h"
ARM GAS  C:\Users\Daniel\AppData\Local\Temp\ccdjF2hP.s 			page 4


DEFINED SYMBOLS
                            *ABS*:00000000 stm32f0xx_hal_msp.c
C:\Users\Daniel\AppData\Local\Temp\ccdjF2hP.s:19     .text.HAL_MspInit:00000000 $t
C:\Users\Daniel\AppData\Local\Temp\ccdjF2hP.s:25     .text.HAL_MspInit:00000000 HAL_MspInit
C:\Users\Daniel\AppData\Local\Temp\ccdjF2hP.s:84     .text.HAL_MspInit:00000034 $d

NO UNDEFINED SYMBOLS
