ARM GAS  C:\Users\Daniel\AppData\Local\Temp\ccgieHrg.s 			page 1


   1              		.cpu cortex-m0
   2              		.arch armv6s-m
   3              		.fpu softvfp
   4              		.eabi_attribute 20, 1
   5              		.eabi_attribute 21, 1
   6              		.eabi_attribute 23, 3
   7              		.eabi_attribute 24, 1
   8              		.eabi_attribute 25, 1
   9              		.eabi_attribute 26, 1
  10              		.eabi_attribute 30, 1
  11              		.eabi_attribute 34, 0
  12              		.eabi_attribute 18, 4
  13              		.file	"tim.c"
  14              		.text
  15              	.Ltext0:
  16              		.cfi_sections	.debug_frame
  17              		.file 1 "Core/Src/tim.c"
  18              		.section	.text.HAL_TIM_PWM_MspInit,"ax",%progbits
  19              		.align	1
  20              		.global	HAL_TIM_PWM_MspInit
  21              		.syntax unified
  22              		.code	16
  23              		.thumb_func
  25              	HAL_TIM_PWM_MspInit:
  26              	.LVL0:
  27              	.LFB41:
   1:Core/Src/tim.c **** /* USER CODE BEGIN Header */
   2:Core/Src/tim.c **** /**
   3:Core/Src/tim.c ****   ******************************************************************************
   4:Core/Src/tim.c ****   * @file    tim.c
   5:Core/Src/tim.c ****   * @brief   This file provides code for the configuration
   6:Core/Src/tim.c ****   *          of the TIM instances.
   7:Core/Src/tim.c ****   ******************************************************************************
   8:Core/Src/tim.c ****   * @attention
   9:Core/Src/tim.c ****   *
  10:Core/Src/tim.c ****   * Copyright (c) 2023 STMicroelectronics.
  11:Core/Src/tim.c ****   * All rights reserved.
  12:Core/Src/tim.c ****   *
  13:Core/Src/tim.c ****   * This software is licensed under terms that can be found in the LICENSE file
  14:Core/Src/tim.c ****   * in the root directory of this software component.
  15:Core/Src/tim.c ****   * If no LICENSE file comes with this software, it is provided AS-IS.
  16:Core/Src/tim.c ****   *
  17:Core/Src/tim.c ****   ******************************************************************************
  18:Core/Src/tim.c ****   */
  19:Core/Src/tim.c **** /* USER CODE END Header */
  20:Core/Src/tim.c **** /* Includes ------------------------------------------------------------------*/
  21:Core/Src/tim.c **** #include "tim.h"
  22:Core/Src/tim.c **** 
  23:Core/Src/tim.c **** /* USER CODE BEGIN 0 */
  24:Core/Src/tim.c **** 
  25:Core/Src/tim.c **** /* USER CODE END 0 */
  26:Core/Src/tim.c **** 
  27:Core/Src/tim.c **** TIM_HandleTypeDef htim3;
  28:Core/Src/tim.c **** 
  29:Core/Src/tim.c **** /* TIM3 init function */
  30:Core/Src/tim.c **** void MX_TIM3_Init(void)
  31:Core/Src/tim.c **** {
ARM GAS  C:\Users\Daniel\AppData\Local\Temp\ccgieHrg.s 			page 2


  32:Core/Src/tim.c **** 
  33:Core/Src/tim.c ****   /* USER CODE BEGIN TIM3_Init 0 */
  34:Core/Src/tim.c **** 
  35:Core/Src/tim.c ****   /* USER CODE END TIM3_Init 0 */
  36:Core/Src/tim.c **** 
  37:Core/Src/tim.c ****   TIM_MasterConfigTypeDef sMasterConfig = {0};
  38:Core/Src/tim.c ****   TIM_OC_InitTypeDef sConfigOC = {0};
  39:Core/Src/tim.c **** 
  40:Core/Src/tim.c ****   /* USER CODE BEGIN TIM3_Init 1 */
  41:Core/Src/tim.c **** 
  42:Core/Src/tim.c ****   /* USER CODE END TIM3_Init 1 */
  43:Core/Src/tim.c ****   htim3.Instance = TIM3;
  44:Core/Src/tim.c ****   htim3.Init.Prescaler = 0;
  45:Core/Src/tim.c ****   htim3.Init.CounterMode = TIM_COUNTERMODE_UP;
  46:Core/Src/tim.c ****   htim3.Init.Period = 6000;
  47:Core/Src/tim.c ****   htim3.Init.ClockDivision = TIM_CLOCKDIVISION_DIV1;
  48:Core/Src/tim.c ****   htim3.Init.AutoReloadPreload = TIM_AUTORELOAD_PRELOAD_DISABLE;
  49:Core/Src/tim.c ****   if (HAL_TIM_PWM_Init(&htim3) != HAL_OK)
  50:Core/Src/tim.c ****   {
  51:Core/Src/tim.c ****     Error_Handler();
  52:Core/Src/tim.c ****   }
  53:Core/Src/tim.c ****   sMasterConfig.MasterOutputTrigger = TIM_TRGO_RESET;
  54:Core/Src/tim.c ****   sMasterConfig.MasterSlaveMode = TIM_MASTERSLAVEMODE_DISABLE;
  55:Core/Src/tim.c ****   if (HAL_TIMEx_MasterConfigSynchronization(&htim3, &sMasterConfig) != HAL_OK)
  56:Core/Src/tim.c ****   {
  57:Core/Src/tim.c ****     Error_Handler();
  58:Core/Src/tim.c ****   }
  59:Core/Src/tim.c ****   sConfigOC.OCMode = TIM_OCMODE_PWM1;
  60:Core/Src/tim.c ****   sConfigOC.Pulse = 3000;
  61:Core/Src/tim.c ****   sConfigOC.OCPolarity = TIM_OCPOLARITY_HIGH;
  62:Core/Src/tim.c ****   sConfigOC.OCFastMode = TIM_OCFAST_DISABLE;
  63:Core/Src/tim.c ****   if (HAL_TIM_PWM_ConfigChannel(&htim3, &sConfigOC, TIM_CHANNEL_4) != HAL_OK)
  64:Core/Src/tim.c ****   {
  65:Core/Src/tim.c ****     Error_Handler();
  66:Core/Src/tim.c ****   }
  67:Core/Src/tim.c ****   __HAL_TIM_DISABLE_OCxPRELOAD(&htim3, TIM_CHANNEL_4);
  68:Core/Src/tim.c ****   /* USER CODE BEGIN TIM3_Init 2 */
  69:Core/Src/tim.c **** 
  70:Core/Src/tim.c ****   /* USER CODE END TIM3_Init 2 */
  71:Core/Src/tim.c ****   HAL_TIM_MspPostInit(&htim3);
  72:Core/Src/tim.c **** 
  73:Core/Src/tim.c **** }
  74:Core/Src/tim.c **** 
  75:Core/Src/tim.c **** void HAL_TIM_PWM_MspInit(TIM_HandleTypeDef* tim_pwmHandle)
  76:Core/Src/tim.c **** {
  28              		.loc 1 76 1 view -0
  29              		.cfi_startproc
  30              		@ args = 0, pretend = 0, frame = 8
  31              		@ frame_needed = 0, uses_anonymous_args = 0
  32              		@ link register save eliminated.
  33              		.loc 1 76 1 is_stmt 0 view .LVU1
  34 0000 82B0     		sub	sp, sp, #8
  35              		.cfi_def_cfa_offset 8
  77:Core/Src/tim.c **** 
  78:Core/Src/tim.c ****   if(tim_pwmHandle->Instance==TIM3)
  36              		.loc 1 78 3 is_stmt 1 view .LVU2
  37              		.loc 1 78 19 is_stmt 0 view .LVU3
ARM GAS  C:\Users\Daniel\AppData\Local\Temp\ccgieHrg.s 			page 3


  38 0002 0268     		ldr	r2, [r0]
  39              		.loc 1 78 5 view .LVU4
  40 0004 074B     		ldr	r3, .L4
  41 0006 9A42     		cmp	r2, r3
  42 0008 01D0     		beq	.L3
  43              	.L1:
  79:Core/Src/tim.c ****   {
  80:Core/Src/tim.c ****   /* USER CODE BEGIN TIM3_MspInit 0 */
  81:Core/Src/tim.c **** 
  82:Core/Src/tim.c ****   /* USER CODE END TIM3_MspInit 0 */
  83:Core/Src/tim.c ****     /* TIM3 clock enable */
  84:Core/Src/tim.c ****     __HAL_RCC_TIM3_CLK_ENABLE();
  85:Core/Src/tim.c ****   /* USER CODE BEGIN TIM3_MspInit 1 */
  86:Core/Src/tim.c **** 
  87:Core/Src/tim.c ****   /* USER CODE END TIM3_MspInit 1 */
  88:Core/Src/tim.c ****   }
  89:Core/Src/tim.c **** }
  44              		.loc 1 89 1 view .LVU5
  45 000a 02B0     		add	sp, sp, #8
  46              		@ sp needed
  47 000c 7047     		bx	lr
  48              	.L3:
  84:Core/Src/tim.c ****   /* USER CODE BEGIN TIM3_MspInit 1 */
  49              		.loc 1 84 5 is_stmt 1 view .LVU6
  50              	.LBB2:
  84:Core/Src/tim.c ****   /* USER CODE BEGIN TIM3_MspInit 1 */
  51              		.loc 1 84 5 view .LVU7
  84:Core/Src/tim.c ****   /* USER CODE BEGIN TIM3_MspInit 1 */
  52              		.loc 1 84 5 view .LVU8
  53 000e 064A     		ldr	r2, .L4+4
  54 0010 D169     		ldr	r1, [r2, #28]
  55 0012 0223     		movs	r3, #2
  56 0014 1943     		orrs	r1, r3
  57 0016 D161     		str	r1, [r2, #28]
  84:Core/Src/tim.c ****   /* USER CODE BEGIN TIM3_MspInit 1 */
  58              		.loc 1 84 5 view .LVU9
  59 0018 D269     		ldr	r2, [r2, #28]
  60 001a 1340     		ands	r3, r2
  61 001c 0193     		str	r3, [sp, #4]
  84:Core/Src/tim.c ****   /* USER CODE BEGIN TIM3_MspInit 1 */
  62              		.loc 1 84 5 view .LVU10
  63 001e 019B     		ldr	r3, [sp, #4]
  64              	.LBE2:
  84:Core/Src/tim.c ****   /* USER CODE BEGIN TIM3_MspInit 1 */
  65              		.loc 1 84 5 view .LVU11
  66              		.loc 1 89 1 is_stmt 0 view .LVU12
  67 0020 F3E7     		b	.L1
  68              	.L5:
  69 0022 C046     		.align	2
  70              	.L4:
  71 0024 00040040 		.word	1073742848
  72 0028 00100240 		.word	1073876992
  73              		.cfi_endproc
  74              	.LFE41:
  76              		.section	.text.HAL_TIM_MspPostInit,"ax",%progbits
  77              		.align	1
  78              		.global	HAL_TIM_MspPostInit
ARM GAS  C:\Users\Daniel\AppData\Local\Temp\ccgieHrg.s 			page 4


  79              		.syntax unified
  80              		.code	16
  81              		.thumb_func
  83              	HAL_TIM_MspPostInit:
  84              	.LVL1:
  85              	.LFB42:
  90:Core/Src/tim.c **** void HAL_TIM_MspPostInit(TIM_HandleTypeDef* timHandle)
  91:Core/Src/tim.c **** {
  86              		.loc 1 91 1 is_stmt 1 view -0
  87              		.cfi_startproc
  88              		@ args = 0, pretend = 0, frame = 24
  89              		@ frame_needed = 0, uses_anonymous_args = 0
  90              		.loc 1 91 1 is_stmt 0 view .LVU14
  91 0000 10B5     		push	{r4, lr}
  92              		.cfi_def_cfa_offset 8
  93              		.cfi_offset 4, -8
  94              		.cfi_offset 14, -4
  95 0002 86B0     		sub	sp, sp, #24
  96              		.cfi_def_cfa_offset 32
  97 0004 0400     		movs	r4, r0
  92:Core/Src/tim.c **** 
  93:Core/Src/tim.c ****   GPIO_InitTypeDef GPIO_InitStruct = {0};
  98              		.loc 1 93 3 is_stmt 1 view .LVU15
  99              		.loc 1 93 20 is_stmt 0 view .LVU16
 100 0006 1422     		movs	r2, #20
 101 0008 0021     		movs	r1, #0
 102 000a 01A8     		add	r0, sp, #4
 103              	.LVL2:
 104              		.loc 1 93 20 view .LVU17
 105 000c FFF7FEFF 		bl	memset
 106              	.LVL3:
  94:Core/Src/tim.c ****   if(timHandle->Instance==TIM3)
 107              		.loc 1 94 3 is_stmt 1 view .LVU18
 108              		.loc 1 94 15 is_stmt 0 view .LVU19
 109 0010 2268     		ldr	r2, [r4]
 110              		.loc 1 94 5 view .LVU20
 111 0012 0C4B     		ldr	r3, .L9
 112 0014 9A42     		cmp	r2, r3
 113 0016 01D0     		beq	.L8
 114              	.L6:
  95:Core/Src/tim.c ****   {
  96:Core/Src/tim.c ****   /* USER CODE BEGIN TIM3_MspPostInit 0 */
  97:Core/Src/tim.c **** 
  98:Core/Src/tim.c ****   /* USER CODE END TIM3_MspPostInit 0 */
  99:Core/Src/tim.c **** 
 100:Core/Src/tim.c ****     __HAL_RCC_GPIOB_CLK_ENABLE();
 101:Core/Src/tim.c ****     /**TIM3 GPIO Configuration
 102:Core/Src/tim.c ****     PB1     ------> TIM3_CH4
 103:Core/Src/tim.c ****     */
 104:Core/Src/tim.c ****     GPIO_InitStruct.Pin = GPIO_PIN_1;
 105:Core/Src/tim.c ****     GPIO_InitStruct.Mode = GPIO_MODE_AF_PP;
 106:Core/Src/tim.c ****     GPIO_InitStruct.Pull = GPIO_NOPULL;
 107:Core/Src/tim.c ****     GPIO_InitStruct.Speed = GPIO_SPEED_FREQ_LOW;
 108:Core/Src/tim.c ****     GPIO_InitStruct.Alternate = GPIO_AF1_TIM3;
 109:Core/Src/tim.c ****     HAL_GPIO_Init(GPIOB, &GPIO_InitStruct);
 110:Core/Src/tim.c **** 
 111:Core/Src/tim.c ****   /* USER CODE BEGIN TIM3_MspPostInit 1 */
ARM GAS  C:\Users\Daniel\AppData\Local\Temp\ccgieHrg.s 			page 5


 112:Core/Src/tim.c **** 
 113:Core/Src/tim.c ****   /* USER CODE END TIM3_MspPostInit 1 */
 114:Core/Src/tim.c ****   }
 115:Core/Src/tim.c **** 
 116:Core/Src/tim.c **** }
 115              		.loc 1 116 1 view .LVU21
 116 0018 06B0     		add	sp, sp, #24
 117              		@ sp needed
 118              	.LVL4:
 119              		.loc 1 116 1 view .LVU22
 120 001a 10BD     		pop	{r4, pc}
 121              	.LVL5:
 122              	.L8:
 100:Core/Src/tim.c ****     /**TIM3 GPIO Configuration
 123              		.loc 1 100 5 is_stmt 1 view .LVU23
 124              	.LBB3:
 100:Core/Src/tim.c ****     /**TIM3 GPIO Configuration
 125              		.loc 1 100 5 view .LVU24
 100:Core/Src/tim.c ****     /**TIM3 GPIO Configuration
 126              		.loc 1 100 5 view .LVU25
 127 001c 0A4B     		ldr	r3, .L9+4
 128 001e 5A69     		ldr	r2, [r3, #20]
 129 0020 8021     		movs	r1, #128
 130 0022 C902     		lsls	r1, r1, #11
 131 0024 0A43     		orrs	r2, r1
 132 0026 5A61     		str	r2, [r3, #20]
 100:Core/Src/tim.c ****     /**TIM3 GPIO Configuration
 133              		.loc 1 100 5 view .LVU26
 134 0028 5B69     		ldr	r3, [r3, #20]
 135 002a 0B40     		ands	r3, r1
 136 002c 0093     		str	r3, [sp]
 100:Core/Src/tim.c ****     /**TIM3 GPIO Configuration
 137              		.loc 1 100 5 view .LVU27
 138 002e 009B     		ldr	r3, [sp]
 139              	.LBE3:
 100:Core/Src/tim.c ****     /**TIM3 GPIO Configuration
 140              		.loc 1 100 5 view .LVU28
 104:Core/Src/tim.c ****     GPIO_InitStruct.Mode = GPIO_MODE_AF_PP;
 141              		.loc 1 104 5 view .LVU29
 104:Core/Src/tim.c ****     GPIO_InitStruct.Mode = GPIO_MODE_AF_PP;
 142              		.loc 1 104 25 is_stmt 0 view .LVU30
 143 0030 0223     		movs	r3, #2
 144 0032 0193     		str	r3, [sp, #4]
 105:Core/Src/tim.c ****     GPIO_InitStruct.Pull = GPIO_NOPULL;
 145              		.loc 1 105 5 is_stmt 1 view .LVU31
 105:Core/Src/tim.c ****     GPIO_InitStruct.Pull = GPIO_NOPULL;
 146              		.loc 1 105 26 is_stmt 0 view .LVU32
 147 0034 0293     		str	r3, [sp, #8]
 106:Core/Src/tim.c ****     GPIO_InitStruct.Speed = GPIO_SPEED_FREQ_LOW;
 148              		.loc 1 106 5 is_stmt 1 view .LVU33
 107:Core/Src/tim.c ****     GPIO_InitStruct.Alternate = GPIO_AF1_TIM3;
 149              		.loc 1 107 5 view .LVU34
 108:Core/Src/tim.c ****     HAL_GPIO_Init(GPIOB, &GPIO_InitStruct);
 150              		.loc 1 108 5 view .LVU35
 108:Core/Src/tim.c ****     HAL_GPIO_Init(GPIOB, &GPIO_InitStruct);
 151              		.loc 1 108 31 is_stmt 0 view .LVU36
 152 0036 013B     		subs	r3, r3, #1
ARM GAS  C:\Users\Daniel\AppData\Local\Temp\ccgieHrg.s 			page 6


 153 0038 0593     		str	r3, [sp, #20]
 109:Core/Src/tim.c **** 
 154              		.loc 1 109 5 is_stmt 1 view .LVU37
 155 003a 01A9     		add	r1, sp, #4
 156 003c 0348     		ldr	r0, .L9+8
 157 003e FFF7FEFF 		bl	HAL_GPIO_Init
 158              	.LVL6:
 159              		.loc 1 116 1 is_stmt 0 view .LVU38
 160 0042 E9E7     		b	.L6
 161              	.L10:
 162              		.align	2
 163              	.L9:
 164 0044 00040040 		.word	1073742848
 165 0048 00100240 		.word	1073876992
 166 004c 00040048 		.word	1207960576
 167              		.cfi_endproc
 168              	.LFE42:
 170              		.section	.text.MX_TIM3_Init,"ax",%progbits
 171              		.align	1
 172              		.global	MX_TIM3_Init
 173              		.syntax unified
 174              		.code	16
 175              		.thumb_func
 177              	MX_TIM3_Init:
 178              	.LFB40:
  31:Core/Src/tim.c **** 
 179              		.loc 1 31 1 is_stmt 1 view -0
 180              		.cfi_startproc
 181              		@ args = 0, pretend = 0, frame = 40
 182              		@ frame_needed = 0, uses_anonymous_args = 0
 183 0000 00B5     		push	{lr}
 184              		.cfi_def_cfa_offset 4
 185              		.cfi_offset 14, -4
 186 0002 8BB0     		sub	sp, sp, #44
 187              		.cfi_def_cfa_offset 48
  37:Core/Src/tim.c ****   TIM_OC_InitTypeDef sConfigOC = {0};
 188              		.loc 1 37 3 view .LVU40
  37:Core/Src/tim.c ****   TIM_OC_InitTypeDef sConfigOC = {0};
 189              		.loc 1 37 27 is_stmt 0 view .LVU41
 190 0004 0822     		movs	r2, #8
 191 0006 0021     		movs	r1, #0
 192 0008 08A8     		add	r0, sp, #32
 193 000a FFF7FEFF 		bl	memset
 194              	.LVL7:
  38:Core/Src/tim.c **** 
 195              		.loc 1 38 3 is_stmt 1 view .LVU42
  38:Core/Src/tim.c **** 
 196              		.loc 1 38 22 is_stmt 0 view .LVU43
 197 000e 1C22     		movs	r2, #28
 198 0010 0021     		movs	r1, #0
 199 0012 01A8     		add	r0, sp, #4
 200 0014 FFF7FEFF 		bl	memset
 201              	.LVL8:
  43:Core/Src/tim.c ****   htim3.Init.Prescaler = 0;
 202              		.loc 1 43 3 is_stmt 1 view .LVU44
  43:Core/Src/tim.c ****   htim3.Init.Prescaler = 0;
 203              		.loc 1 43 18 is_stmt 0 view .LVU45
ARM GAS  C:\Users\Daniel\AppData\Local\Temp\ccgieHrg.s 			page 7


 204 0018 1B48     		ldr	r0, .L18
 205 001a 1C4B     		ldr	r3, .L18+4
 206 001c 0360     		str	r3, [r0]
  44:Core/Src/tim.c ****   htim3.Init.CounterMode = TIM_COUNTERMODE_UP;
 207              		.loc 1 44 3 is_stmt 1 view .LVU46
  44:Core/Src/tim.c ****   htim3.Init.CounterMode = TIM_COUNTERMODE_UP;
 208              		.loc 1 44 24 is_stmt 0 view .LVU47
 209 001e 0023     		movs	r3, #0
 210 0020 4360     		str	r3, [r0, #4]
  45:Core/Src/tim.c ****   htim3.Init.Period = 6000;
 211              		.loc 1 45 3 is_stmt 1 view .LVU48
  45:Core/Src/tim.c ****   htim3.Init.Period = 6000;
 212              		.loc 1 45 26 is_stmt 0 view .LVU49
 213 0022 8360     		str	r3, [r0, #8]
  46:Core/Src/tim.c ****   htim3.Init.ClockDivision = TIM_CLOCKDIVISION_DIV1;
 214              		.loc 1 46 3 is_stmt 1 view .LVU50
  46:Core/Src/tim.c ****   htim3.Init.ClockDivision = TIM_CLOCKDIVISION_DIV1;
 215              		.loc 1 46 21 is_stmt 0 view .LVU51
 216 0024 1A4A     		ldr	r2, .L18+8
 217 0026 C260     		str	r2, [r0, #12]
  47:Core/Src/tim.c ****   htim3.Init.AutoReloadPreload = TIM_AUTORELOAD_PRELOAD_DISABLE;
 218              		.loc 1 47 3 is_stmt 1 view .LVU52
  47:Core/Src/tim.c ****   htim3.Init.AutoReloadPreload = TIM_AUTORELOAD_PRELOAD_DISABLE;
 219              		.loc 1 47 28 is_stmt 0 view .LVU53
 220 0028 0361     		str	r3, [r0, #16]
  48:Core/Src/tim.c ****   if (HAL_TIM_PWM_Init(&htim3) != HAL_OK)
 221              		.loc 1 48 3 is_stmt 1 view .LVU54
  48:Core/Src/tim.c ****   if (HAL_TIM_PWM_Init(&htim3) != HAL_OK)
 222              		.loc 1 48 32 is_stmt 0 view .LVU55
 223 002a 8361     		str	r3, [r0, #24]
  49:Core/Src/tim.c ****   {
 224              		.loc 1 49 3 is_stmt 1 view .LVU56
  49:Core/Src/tim.c ****   {
 225              		.loc 1 49 7 is_stmt 0 view .LVU57
 226 002c FFF7FEFF 		bl	HAL_TIM_PWM_Init
 227              	.LVL9:
  49:Core/Src/tim.c ****   {
 228              		.loc 1 49 6 view .LVU58
 229 0030 0028     		cmp	r0, #0
 230 0032 20D1     		bne	.L15
 231              	.L12:
  53:Core/Src/tim.c ****   sMasterConfig.MasterSlaveMode = TIM_MASTERSLAVEMODE_DISABLE;
 232              		.loc 1 53 3 is_stmt 1 view .LVU59
  53:Core/Src/tim.c ****   sMasterConfig.MasterSlaveMode = TIM_MASTERSLAVEMODE_DISABLE;
 233              		.loc 1 53 37 is_stmt 0 view .LVU60
 234 0034 0023     		movs	r3, #0
 235 0036 0893     		str	r3, [sp, #32]
  54:Core/Src/tim.c ****   if (HAL_TIMEx_MasterConfigSynchronization(&htim3, &sMasterConfig) != HAL_OK)
 236              		.loc 1 54 3 is_stmt 1 view .LVU61
  54:Core/Src/tim.c ****   if (HAL_TIMEx_MasterConfigSynchronization(&htim3, &sMasterConfig) != HAL_OK)
 237              		.loc 1 54 33 is_stmt 0 view .LVU62
 238 0038 0993     		str	r3, [sp, #36]
  55:Core/Src/tim.c ****   {
 239              		.loc 1 55 3 is_stmt 1 view .LVU63
  55:Core/Src/tim.c ****   {
 240              		.loc 1 55 7 is_stmt 0 view .LVU64
 241 003a 1348     		ldr	r0, .L18
ARM GAS  C:\Users\Daniel\AppData\Local\Temp\ccgieHrg.s 			page 8


 242 003c 08A9     		add	r1, sp, #32
 243 003e FFF7FEFF 		bl	HAL_TIMEx_MasterConfigSynchronization
 244              	.LVL10:
  55:Core/Src/tim.c ****   {
 245              		.loc 1 55 6 view .LVU65
 246 0042 0028     		cmp	r0, #0
 247 0044 1AD1     		bne	.L16
 248              	.L13:
  59:Core/Src/tim.c ****   sConfigOC.Pulse = 3000;
 249              		.loc 1 59 3 is_stmt 1 view .LVU66
  59:Core/Src/tim.c ****   sConfigOC.Pulse = 3000;
 250              		.loc 1 59 20 is_stmt 0 view .LVU67
 251 0046 6023     		movs	r3, #96
 252 0048 0193     		str	r3, [sp, #4]
  60:Core/Src/tim.c ****   sConfigOC.OCPolarity = TIM_OCPOLARITY_HIGH;
 253              		.loc 1 60 3 is_stmt 1 view .LVU68
  60:Core/Src/tim.c ****   sConfigOC.OCPolarity = TIM_OCPOLARITY_HIGH;
 254              		.loc 1 60 19 is_stmt 0 view .LVU69
 255 004a 124B     		ldr	r3, .L18+12
 256 004c 0293     		str	r3, [sp, #8]
  61:Core/Src/tim.c ****   sConfigOC.OCFastMode = TIM_OCFAST_DISABLE;
 257              		.loc 1 61 3 is_stmt 1 view .LVU70
  61:Core/Src/tim.c ****   sConfigOC.OCFastMode = TIM_OCFAST_DISABLE;
 258              		.loc 1 61 24 is_stmt 0 view .LVU71
 259 004e 0023     		movs	r3, #0
 260 0050 0393     		str	r3, [sp, #12]
  62:Core/Src/tim.c ****   if (HAL_TIM_PWM_ConfigChannel(&htim3, &sConfigOC, TIM_CHANNEL_4) != HAL_OK)
 261              		.loc 1 62 3 is_stmt 1 view .LVU72
  62:Core/Src/tim.c ****   if (HAL_TIM_PWM_ConfigChannel(&htim3, &sConfigOC, TIM_CHANNEL_4) != HAL_OK)
 262              		.loc 1 62 24 is_stmt 0 view .LVU73
 263 0052 0593     		str	r3, [sp, #20]
  63:Core/Src/tim.c ****   {
 264              		.loc 1 63 3 is_stmt 1 view .LVU74
  63:Core/Src/tim.c ****   {
 265              		.loc 1 63 7 is_stmt 0 view .LVU75
 266 0054 0C48     		ldr	r0, .L18
 267 0056 0C22     		movs	r2, #12
 268 0058 01A9     		add	r1, sp, #4
 269 005a FFF7FEFF 		bl	HAL_TIM_PWM_ConfigChannel
 270              	.LVL11:
  63:Core/Src/tim.c ****   {
 271              		.loc 1 63 6 view .LVU76
 272 005e 0028     		cmp	r0, #0
 273 0060 0FD1     		bne	.L17
 274              	.L14:
  67:Core/Src/tim.c ****   /* USER CODE BEGIN TIM3_Init 2 */
 275              		.loc 1 67 3 is_stmt 1 view .LVU77
 276 0062 0948     		ldr	r0, .L18
 277 0064 0268     		ldr	r2, [r0]
 278 0066 D369     		ldr	r3, [r2, #28]
 279 0068 0B49     		ldr	r1, .L18+16
 280 006a 0B40     		ands	r3, r1
 281 006c D361     		str	r3, [r2, #28]
  71:Core/Src/tim.c **** 
 282              		.loc 1 71 3 view .LVU78
 283 006e FFF7FEFF 		bl	HAL_TIM_MspPostInit
 284              	.LVL12:
ARM GAS  C:\Users\Daniel\AppData\Local\Temp\ccgieHrg.s 			page 9


  73:Core/Src/tim.c **** 
 285              		.loc 1 73 1 is_stmt 0 view .LVU79
 286 0072 0BB0     		add	sp, sp, #44
 287              		@ sp needed
 288 0074 00BD     		pop	{pc}
 289              	.L15:
  51:Core/Src/tim.c ****   }
 290              		.loc 1 51 5 is_stmt 1 view .LVU80
 291 0076 FFF7FEFF 		bl	Error_Handler
 292              	.LVL13:
 293 007a DBE7     		b	.L12
 294              	.L16:
  57:Core/Src/tim.c ****   }
 295              		.loc 1 57 5 view .LVU81
 296 007c FFF7FEFF 		bl	Error_Handler
 297              	.LVL14:
 298 0080 E1E7     		b	.L13
 299              	.L17:
  65:Core/Src/tim.c ****   }
 300              		.loc 1 65 5 view .LVU82
 301 0082 FFF7FEFF 		bl	Error_Handler
 302              	.LVL15:
 303 0086 ECE7     		b	.L14
 304              	.L19:
 305              		.align	2
 306              	.L18:
 307 0088 00000000 		.word	htim3
 308 008c 00040040 		.word	1073742848
 309 0090 70170000 		.word	6000
 310 0094 B80B0000 		.word	3000
 311 0098 FFF7FFFF 		.word	-2049
 312              		.cfi_endproc
 313              	.LFE40:
 315              		.section	.text.HAL_TIM_PWM_MspDeInit,"ax",%progbits
 316              		.align	1
 317              		.global	HAL_TIM_PWM_MspDeInit
 318              		.syntax unified
 319              		.code	16
 320              		.thumb_func
 322              	HAL_TIM_PWM_MspDeInit:
 323              	.LVL16:
 324              	.LFB43:
 117:Core/Src/tim.c **** 
 118:Core/Src/tim.c **** void HAL_TIM_PWM_MspDeInit(TIM_HandleTypeDef* tim_pwmHandle)
 119:Core/Src/tim.c **** {
 325              		.loc 1 119 1 view -0
 326              		.cfi_startproc
 327              		@ args = 0, pretend = 0, frame = 0
 328              		@ frame_needed = 0, uses_anonymous_args = 0
 329              		@ link register save eliminated.
 120:Core/Src/tim.c **** 
 121:Core/Src/tim.c ****   if(tim_pwmHandle->Instance==TIM3)
 330              		.loc 1 121 3 view .LVU84
 331              		.loc 1 121 19 is_stmt 0 view .LVU85
 332 0000 0268     		ldr	r2, [r0]
 333              		.loc 1 121 5 view .LVU86
 334 0002 054B     		ldr	r3, .L23
ARM GAS  C:\Users\Daniel\AppData\Local\Temp\ccgieHrg.s 			page 10


 335 0004 9A42     		cmp	r2, r3
 336 0006 00D0     		beq	.L22
 337              	.L20:
 122:Core/Src/tim.c ****   {
 123:Core/Src/tim.c ****   /* USER CODE BEGIN TIM3_MspDeInit 0 */
 124:Core/Src/tim.c **** 
 125:Core/Src/tim.c ****   /* USER CODE END TIM3_MspDeInit 0 */
 126:Core/Src/tim.c ****     /* Peripheral clock disable */
 127:Core/Src/tim.c ****     __HAL_RCC_TIM3_CLK_DISABLE();
 128:Core/Src/tim.c ****   /* USER CODE BEGIN TIM3_MspDeInit 1 */
 129:Core/Src/tim.c **** 
 130:Core/Src/tim.c ****   /* USER CODE END TIM3_MspDeInit 1 */
 131:Core/Src/tim.c ****   }
 132:Core/Src/tim.c **** }
 338              		.loc 1 132 1 view .LVU87
 339              		@ sp needed
 340 0008 7047     		bx	lr
 341              	.L22:
 127:Core/Src/tim.c ****   /* USER CODE BEGIN TIM3_MspDeInit 1 */
 342              		.loc 1 127 5 is_stmt 1 view .LVU88
 343 000a 044A     		ldr	r2, .L23+4
 344 000c D369     		ldr	r3, [r2, #28]
 345 000e 0221     		movs	r1, #2
 346 0010 8B43     		bics	r3, r1
 347 0012 D361     		str	r3, [r2, #28]
 348              		.loc 1 132 1 is_stmt 0 view .LVU89
 349 0014 F8E7     		b	.L20
 350              	.L24:
 351 0016 C046     		.align	2
 352              	.L23:
 353 0018 00040040 		.word	1073742848
 354 001c 00100240 		.word	1073876992
 355              		.cfi_endproc
 356              	.LFE43:
 358              		.global	htim3
 359              		.section	.bss.htim3,"aw",%nobits
 360              		.align	2
 363              	htim3:
 364 0000 00000000 		.space	72
 364      00000000 
 364      00000000 
 364      00000000 
 364      00000000 
 365              		.text
 366              	.Letext0:
 367              		.file 2 "c:\\users\\daniel\\appdata\\roaming\\code\\user\\globalstorage\\bmd.stm32-for-vscode\\@xp
 368              		.file 3 "c:\\users\\daniel\\appdata\\roaming\\code\\user\\globalstorage\\bmd.stm32-for-vscode\\@xp
 369              		.file 4 "Drivers/CMSIS/Device/ST/STM32F0xx/Include/stm32f042x6.h"
 370              		.file 5 "Drivers/STM32F0xx_HAL_Driver/Inc/stm32f0xx_hal_def.h"
 371              		.file 6 "Drivers/STM32F0xx_HAL_Driver/Inc/stm32f0xx_hal_gpio.h"
 372              		.file 7 "Drivers/STM32F0xx_HAL_Driver/Inc/stm32f0xx_hal_dma.h"
 373              		.file 8 "Drivers/STM32F0xx_HAL_Driver/Inc/stm32f0xx_hal_tim.h"
 374              		.file 9 "Drivers/STM32F0xx_HAL_Driver/Inc/stm32f0xx_hal_tim_ex.h"
 375              		.file 10 "Core/Inc/tim.h"
 376              		.file 11 "Core/Inc/main.h"
 377              		.file 12 "<built-in>"
ARM GAS  C:\Users\Daniel\AppData\Local\Temp\ccgieHrg.s 			page 11


DEFINED SYMBOLS
                            *ABS*:00000000 tim.c
C:\Users\Daniel\AppData\Local\Temp\ccgieHrg.s:19     .text.HAL_TIM_PWM_MspInit:00000000 $t
C:\Users\Daniel\AppData\Local\Temp\ccgieHrg.s:25     .text.HAL_TIM_PWM_MspInit:00000000 HAL_TIM_PWM_MspInit
C:\Users\Daniel\AppData\Local\Temp\ccgieHrg.s:71     .text.HAL_TIM_PWM_MspInit:00000024 $d
C:\Users\Daniel\AppData\Local\Temp\ccgieHrg.s:77     .text.HAL_TIM_MspPostInit:00000000 $t
C:\Users\Daniel\AppData\Local\Temp\ccgieHrg.s:83     .text.HAL_TIM_MspPostInit:00000000 HAL_TIM_MspPostInit
C:\Users\Daniel\AppData\Local\Temp\ccgieHrg.s:164    .text.HAL_TIM_MspPostInit:00000044 $d
C:\Users\Daniel\AppData\Local\Temp\ccgieHrg.s:171    .text.MX_TIM3_Init:00000000 $t
C:\Users\Daniel\AppData\Local\Temp\ccgieHrg.s:177    .text.MX_TIM3_Init:00000000 MX_TIM3_Init
C:\Users\Daniel\AppData\Local\Temp\ccgieHrg.s:307    .text.MX_TIM3_Init:00000088 $d
C:\Users\Daniel\AppData\Local\Temp\ccgieHrg.s:363    .bss.htim3:00000000 htim3
C:\Users\Daniel\AppData\Local\Temp\ccgieHrg.s:316    .text.HAL_TIM_PWM_MspDeInit:00000000 $t
C:\Users\Daniel\AppData\Local\Temp\ccgieHrg.s:322    .text.HAL_TIM_PWM_MspDeInit:00000000 HAL_TIM_PWM_MspDeInit
C:\Users\Daniel\AppData\Local\Temp\ccgieHrg.s:353    .text.HAL_TIM_PWM_MspDeInit:00000018 $d
C:\Users\Daniel\AppData\Local\Temp\ccgieHrg.s:360    .bss.htim3:00000000 $d

UNDEFINED SYMBOLS
memset
HAL_GPIO_Init
HAL_TIM_PWM_Init
HAL_TIMEx_MasterConfigSynchronization
HAL_TIM_PWM_ConfigChannel
Error_Handler
