ARM GAS  C:\Users\Daniel\AppData\Local\Temp\ccc2GU7v.s 			page 1


   1              		.cpu cortex-m0
   2              		.arch armv6s-m
   3              		.fpu softvfp
   4              		.eabi_attribute 20, 1
   5              		.eabi_attribute 21, 1
   6              		.eabi_attribute 23, 3
   7              		.eabi_attribute 24, 1
   8              		.eabi_attribute 25, 1
   9              		.eabi_attribute 26, 1
  10              		.eabi_attribute 30, 1
  11              		.eabi_attribute 34, 0
  12              		.eabi_attribute 18, 4
  13              		.file	"usart.c"
  14              		.text
  15              	.Ltext0:
  16              		.cfi_sections	.debug_frame
  17              		.file 1 "Core/Src/usart.c"
  18              		.section	.text.MX_USART2_UART_Init,"ax",%progbits
  19              		.align	1
  20              		.global	MX_USART2_UART_Init
  21              		.syntax unified
  22              		.code	16
  23              		.thumb_func
  25              	MX_USART2_UART_Init:
  26              	.LFB40:
   1:Core/Src/usart.c **** /* USER CODE BEGIN Header */
   2:Core/Src/usart.c **** /**
   3:Core/Src/usart.c ****   ******************************************************************************
   4:Core/Src/usart.c ****   * @file    usart.c
   5:Core/Src/usart.c ****   * @brief   This file provides code for the configuration
   6:Core/Src/usart.c ****   *          of the USART instances.
   7:Core/Src/usart.c ****   ******************************************************************************
   8:Core/Src/usart.c ****   * @attention
   9:Core/Src/usart.c ****   *
  10:Core/Src/usart.c ****   * Copyright (c) 2023 STMicroelectronics.
  11:Core/Src/usart.c ****   * All rights reserved.
  12:Core/Src/usart.c ****   *
  13:Core/Src/usart.c ****   * This software is licensed under terms that can be found in the LICENSE file
  14:Core/Src/usart.c ****   * in the root directory of this software component.
  15:Core/Src/usart.c ****   * If no LICENSE file comes with this software, it is provided AS-IS.
  16:Core/Src/usart.c ****   *
  17:Core/Src/usart.c ****   ******************************************************************************
  18:Core/Src/usart.c ****   */
  19:Core/Src/usart.c **** /* USER CODE END Header */
  20:Core/Src/usart.c **** /* Includes ------------------------------------------------------------------*/
  21:Core/Src/usart.c **** #include "usart.h"
  22:Core/Src/usart.c **** 
  23:Core/Src/usart.c **** /* USER CODE BEGIN 0 */
  24:Core/Src/usart.c **** 
  25:Core/Src/usart.c **** /* USER CODE END 0 */
  26:Core/Src/usart.c **** 
  27:Core/Src/usart.c **** UART_HandleTypeDef huart2;
  28:Core/Src/usart.c **** 
  29:Core/Src/usart.c **** /* USART2 init function */
  30:Core/Src/usart.c **** 
  31:Core/Src/usart.c **** void MX_USART2_UART_Init(void)
  32:Core/Src/usart.c **** {
ARM GAS  C:\Users\Daniel\AppData\Local\Temp\ccc2GU7v.s 			page 2


  27              		.loc 1 32 1 view -0
  28              		.cfi_startproc
  29              		@ args = 0, pretend = 0, frame = 0
  30              		@ frame_needed = 0, uses_anonymous_args = 0
  31 0000 10B5     		push	{r4, lr}
  32              		.cfi_def_cfa_offset 8
  33              		.cfi_offset 4, -8
  34              		.cfi_offset 14, -4
  33:Core/Src/usart.c **** 
  34:Core/Src/usart.c ****   /* USER CODE BEGIN USART2_Init 0 */
  35:Core/Src/usart.c **** 
  36:Core/Src/usart.c ****   /* USER CODE END USART2_Init 0 */
  37:Core/Src/usart.c **** 
  38:Core/Src/usart.c ****   /* USER CODE BEGIN USART2_Init 1 */
  39:Core/Src/usart.c **** 
  40:Core/Src/usart.c ****   /* USER CODE END USART2_Init 1 */
  41:Core/Src/usart.c ****   huart2.Instance = USART2;
  35              		.loc 1 41 3 view .LVU1
  36              		.loc 1 41 19 is_stmt 0 view .LVU2
  37 0002 0B48     		ldr	r0, .L4
  38 0004 0B4B     		ldr	r3, .L4+4
  39 0006 0360     		str	r3, [r0]
  42:Core/Src/usart.c ****   huart2.Init.BaudRate = 118200;
  40              		.loc 1 42 3 is_stmt 1 view .LVU3
  41              		.loc 1 42 24 is_stmt 0 view .LVU4
  42 0008 0B4B     		ldr	r3, .L4+8
  43 000a 4360     		str	r3, [r0, #4]
  43:Core/Src/usart.c ****   huart2.Init.WordLength = UART_WORDLENGTH_8B;
  44              		.loc 1 43 3 is_stmt 1 view .LVU5
  45              		.loc 1 43 26 is_stmt 0 view .LVU6
  46 000c 0023     		movs	r3, #0
  47 000e 8360     		str	r3, [r0, #8]
  44:Core/Src/usart.c ****   huart2.Init.StopBits = UART_STOPBITS_1;
  48              		.loc 1 44 3 is_stmt 1 view .LVU7
  49              		.loc 1 44 24 is_stmt 0 view .LVU8
  50 0010 C360     		str	r3, [r0, #12]
  45:Core/Src/usart.c ****   huart2.Init.Parity = UART_PARITY_NONE;
  51              		.loc 1 45 3 is_stmt 1 view .LVU9
  52              		.loc 1 45 22 is_stmt 0 view .LVU10
  53 0012 0361     		str	r3, [r0, #16]
  46:Core/Src/usart.c ****   huart2.Init.Mode = UART_MODE_TX_RX;
  54              		.loc 1 46 3 is_stmt 1 view .LVU11
  55              		.loc 1 46 20 is_stmt 0 view .LVU12
  56 0014 0C22     		movs	r2, #12
  57 0016 4261     		str	r2, [r0, #20]
  47:Core/Src/usart.c ****   huart2.Init.HwFlowCtl = UART_HWCONTROL_NONE;
  58              		.loc 1 47 3 is_stmt 1 view .LVU13
  59              		.loc 1 47 25 is_stmt 0 view .LVU14
  60 0018 8361     		str	r3, [r0, #24]
  48:Core/Src/usart.c ****   huart2.Init.OverSampling = UART_OVERSAMPLING_16;
  61              		.loc 1 48 3 is_stmt 1 view .LVU15
  62              		.loc 1 48 28 is_stmt 0 view .LVU16
  63 001a C361     		str	r3, [r0, #28]
  49:Core/Src/usart.c ****   huart2.Init.OneBitSampling = UART_ONE_BIT_SAMPLE_DISABLE;
  64              		.loc 1 49 3 is_stmt 1 view .LVU17
  65              		.loc 1 49 30 is_stmt 0 view .LVU18
  66 001c 0362     		str	r3, [r0, #32]
ARM GAS  C:\Users\Daniel\AppData\Local\Temp\ccc2GU7v.s 			page 3


  50:Core/Src/usart.c ****   huart2.AdvancedInit.AdvFeatureInit = UART_ADVFEATURE_NO_INIT;
  67              		.loc 1 50 3 is_stmt 1 view .LVU19
  68              		.loc 1 50 38 is_stmt 0 view .LVU20
  69 001e 4362     		str	r3, [r0, #36]
  51:Core/Src/usart.c ****   if (HAL_UART_Init(&huart2) != HAL_OK)
  70              		.loc 1 51 3 is_stmt 1 view .LVU21
  71              		.loc 1 51 7 is_stmt 0 view .LVU22
  72 0020 FFF7FEFF 		bl	HAL_UART_Init
  73              	.LVL0:
  74              		.loc 1 51 6 view .LVU23
  75 0024 0028     		cmp	r0, #0
  76 0026 00D1     		bne	.L3
  77              	.L1:
  52:Core/Src/usart.c ****   {
  53:Core/Src/usart.c ****     Error_Handler();
  54:Core/Src/usart.c ****   }
  55:Core/Src/usart.c ****   /* USER CODE BEGIN USART2_Init 2 */
  56:Core/Src/usart.c **** 
  57:Core/Src/usart.c ****   /* USER CODE END USART2_Init 2 */
  58:Core/Src/usart.c **** 
  59:Core/Src/usart.c **** }
  78              		.loc 1 59 1 view .LVU24
  79              		@ sp needed
  80 0028 10BD     		pop	{r4, pc}
  81              	.L3:
  53:Core/Src/usart.c ****   }
  82              		.loc 1 53 5 is_stmt 1 view .LVU25
  83 002a FFF7FEFF 		bl	Error_Handler
  84              	.LVL1:
  85              		.loc 1 59 1 is_stmt 0 view .LVU26
  86 002e FBE7     		b	.L1
  87              	.L5:
  88              		.align	2
  89              	.L4:
  90 0030 00000000 		.word	huart2
  91 0034 00440040 		.word	1073759232
  92 0038 B8CD0100 		.word	118200
  93              		.cfi_endproc
  94              	.LFE40:
  96              		.section	.text.HAL_UART_MspInit,"ax",%progbits
  97              		.align	1
  98              		.global	HAL_UART_MspInit
  99              		.syntax unified
 100              		.code	16
 101              		.thumb_func
 103              	HAL_UART_MspInit:
 104              	.LVL2:
 105              	.LFB41:
  60:Core/Src/usart.c **** 
  61:Core/Src/usart.c **** void HAL_UART_MspInit(UART_HandleTypeDef* uartHandle)
  62:Core/Src/usart.c **** {
 106              		.loc 1 62 1 is_stmt 1 view -0
 107              		.cfi_startproc
 108              		@ args = 0, pretend = 0, frame = 32
 109              		@ frame_needed = 0, uses_anonymous_args = 0
 110              		.loc 1 62 1 is_stmt 0 view .LVU28
 111 0000 10B5     		push	{r4, lr}
ARM GAS  C:\Users\Daniel\AppData\Local\Temp\ccc2GU7v.s 			page 4


 112              		.cfi_def_cfa_offset 8
 113              		.cfi_offset 4, -8
 114              		.cfi_offset 14, -4
 115 0002 88B0     		sub	sp, sp, #32
 116              		.cfi_def_cfa_offset 40
 117 0004 0400     		movs	r4, r0
  63:Core/Src/usart.c **** 
  64:Core/Src/usart.c ****   GPIO_InitTypeDef GPIO_InitStruct = {0};
 118              		.loc 1 64 3 is_stmt 1 view .LVU29
 119              		.loc 1 64 20 is_stmt 0 view .LVU30
 120 0006 1422     		movs	r2, #20
 121 0008 0021     		movs	r1, #0
 122 000a 03A8     		add	r0, sp, #12
 123              	.LVL3:
 124              		.loc 1 64 20 view .LVU31
 125 000c FFF7FEFF 		bl	memset
 126              	.LVL4:
  65:Core/Src/usart.c ****   if(uartHandle->Instance==USART2)
 127              		.loc 1 65 3 is_stmt 1 view .LVU32
 128              		.loc 1 65 16 is_stmt 0 view .LVU33
 129 0010 2268     		ldr	r2, [r4]
 130              		.loc 1 65 5 view .LVU34
 131 0012 164B     		ldr	r3, .L9
 132 0014 9A42     		cmp	r2, r3
 133 0016 01D0     		beq	.L8
 134              	.L6:
  66:Core/Src/usart.c ****   {
  67:Core/Src/usart.c ****   /* USER CODE BEGIN USART2_MspInit 0 */
  68:Core/Src/usart.c **** 
  69:Core/Src/usart.c ****   /* USER CODE END USART2_MspInit 0 */
  70:Core/Src/usart.c ****     /* USART2 clock enable */
  71:Core/Src/usart.c ****     __HAL_RCC_USART2_CLK_ENABLE();
  72:Core/Src/usart.c **** 
  73:Core/Src/usart.c ****     __HAL_RCC_GPIOA_CLK_ENABLE();
  74:Core/Src/usart.c ****     /**USART2 GPIO Configuration
  75:Core/Src/usart.c ****     PA2     ------> USART2_TX
  76:Core/Src/usart.c ****     PA3     ------> USART2_RX
  77:Core/Src/usart.c ****     */
  78:Core/Src/usart.c ****     GPIO_InitStruct.Pin = GPIO_PIN_2|GPIO_PIN_3;
  79:Core/Src/usart.c ****     GPIO_InitStruct.Mode = GPIO_MODE_AF_PP;
  80:Core/Src/usart.c ****     GPIO_InitStruct.Pull = GPIO_NOPULL;
  81:Core/Src/usart.c ****     GPIO_InitStruct.Speed = GPIO_SPEED_FREQ_HIGH;
  82:Core/Src/usart.c ****     GPIO_InitStruct.Alternate = GPIO_AF1_USART2;
  83:Core/Src/usart.c ****     HAL_GPIO_Init(GPIOA, &GPIO_InitStruct);
  84:Core/Src/usart.c **** 
  85:Core/Src/usart.c ****     /* USART2 interrupt Init */
  86:Core/Src/usart.c ****     HAL_NVIC_SetPriority(USART2_IRQn, 0, 0);
  87:Core/Src/usart.c ****     HAL_NVIC_EnableIRQ(USART2_IRQn);
  88:Core/Src/usart.c ****   /* USER CODE BEGIN USART2_MspInit 1 */
  89:Core/Src/usart.c **** 
  90:Core/Src/usart.c ****   /* USER CODE END USART2_MspInit 1 */
  91:Core/Src/usart.c ****   }
  92:Core/Src/usart.c **** }
 135              		.loc 1 92 1 view .LVU35
 136 0018 08B0     		add	sp, sp, #32
 137              		@ sp needed
 138              	.LVL5:
ARM GAS  C:\Users\Daniel\AppData\Local\Temp\ccc2GU7v.s 			page 5


 139              		.loc 1 92 1 view .LVU36
 140 001a 10BD     		pop	{r4, pc}
 141              	.LVL6:
 142              	.L8:
  71:Core/Src/usart.c **** 
 143              		.loc 1 71 5 is_stmt 1 view .LVU37
 144              	.LBB2:
  71:Core/Src/usart.c **** 
 145              		.loc 1 71 5 view .LVU38
  71:Core/Src/usart.c **** 
 146              		.loc 1 71 5 view .LVU39
 147 001c 144B     		ldr	r3, .L9+4
 148 001e D969     		ldr	r1, [r3, #28]
 149 0020 8022     		movs	r2, #128
 150 0022 9202     		lsls	r2, r2, #10
 151 0024 1143     		orrs	r1, r2
 152 0026 D961     		str	r1, [r3, #28]
  71:Core/Src/usart.c **** 
 153              		.loc 1 71 5 view .LVU40
 154 0028 D969     		ldr	r1, [r3, #28]
 155 002a 1140     		ands	r1, r2
 156 002c 0191     		str	r1, [sp, #4]
  71:Core/Src/usart.c **** 
 157              		.loc 1 71 5 view .LVU41
 158 002e 0199     		ldr	r1, [sp, #4]
 159              	.LBE2:
  71:Core/Src/usart.c **** 
 160              		.loc 1 71 5 view .LVU42
  73:Core/Src/usart.c ****     /**USART2 GPIO Configuration
 161              		.loc 1 73 5 view .LVU43
 162              	.LBB3:
  73:Core/Src/usart.c ****     /**USART2 GPIO Configuration
 163              		.loc 1 73 5 view .LVU44
  73:Core/Src/usart.c ****     /**USART2 GPIO Configuration
 164              		.loc 1 73 5 view .LVU45
 165 0030 5969     		ldr	r1, [r3, #20]
 166 0032 1143     		orrs	r1, r2
 167 0034 5961     		str	r1, [r3, #20]
  73:Core/Src/usart.c ****     /**USART2 GPIO Configuration
 168              		.loc 1 73 5 view .LVU46
 169 0036 5B69     		ldr	r3, [r3, #20]
 170 0038 1340     		ands	r3, r2
 171 003a 0293     		str	r3, [sp, #8]
  73:Core/Src/usart.c ****     /**USART2 GPIO Configuration
 172              		.loc 1 73 5 view .LVU47
 173 003c 029B     		ldr	r3, [sp, #8]
 174              	.LBE3:
  73:Core/Src/usart.c ****     /**USART2 GPIO Configuration
 175              		.loc 1 73 5 view .LVU48
  78:Core/Src/usart.c ****     GPIO_InitStruct.Mode = GPIO_MODE_AF_PP;
 176              		.loc 1 78 5 view .LVU49
  78:Core/Src/usart.c ****     GPIO_InitStruct.Mode = GPIO_MODE_AF_PP;
 177              		.loc 1 78 25 is_stmt 0 view .LVU50
 178 003e 0C23     		movs	r3, #12
 179 0040 0393     		str	r3, [sp, #12]
  79:Core/Src/usart.c ****     GPIO_InitStruct.Pull = GPIO_NOPULL;
 180              		.loc 1 79 5 is_stmt 1 view .LVU51
ARM GAS  C:\Users\Daniel\AppData\Local\Temp\ccc2GU7v.s 			page 6


  79:Core/Src/usart.c ****     GPIO_InitStruct.Pull = GPIO_NOPULL;
 181              		.loc 1 79 26 is_stmt 0 view .LVU52
 182 0042 0A3B     		subs	r3, r3, #10
 183 0044 0493     		str	r3, [sp, #16]
  80:Core/Src/usart.c ****     GPIO_InitStruct.Speed = GPIO_SPEED_FREQ_HIGH;
 184              		.loc 1 80 5 is_stmt 1 view .LVU53
  81:Core/Src/usart.c ****     GPIO_InitStruct.Alternate = GPIO_AF1_USART2;
 185              		.loc 1 81 5 view .LVU54
  81:Core/Src/usart.c ****     GPIO_InitStruct.Alternate = GPIO_AF1_USART2;
 186              		.loc 1 81 27 is_stmt 0 view .LVU55
 187 0046 0133     		adds	r3, r3, #1
 188 0048 0693     		str	r3, [sp, #24]
  82:Core/Src/usart.c ****     HAL_GPIO_Init(GPIOA, &GPIO_InitStruct);
 189              		.loc 1 82 5 is_stmt 1 view .LVU56
  82:Core/Src/usart.c ****     HAL_GPIO_Init(GPIOA, &GPIO_InitStruct);
 190              		.loc 1 82 31 is_stmt 0 view .LVU57
 191 004a 023B     		subs	r3, r3, #2
 192 004c 0793     		str	r3, [sp, #28]
  83:Core/Src/usart.c **** 
 193              		.loc 1 83 5 is_stmt 1 view .LVU58
 194 004e 9020     		movs	r0, #144
 195 0050 03A9     		add	r1, sp, #12
 196 0052 C005     		lsls	r0, r0, #23
 197 0054 FFF7FEFF 		bl	HAL_GPIO_Init
 198              	.LVL7:
  86:Core/Src/usart.c ****     HAL_NVIC_EnableIRQ(USART2_IRQn);
 199              		.loc 1 86 5 view .LVU59
 200 0058 0022     		movs	r2, #0
 201 005a 0021     		movs	r1, #0
 202 005c 1C20     		movs	r0, #28
 203 005e FFF7FEFF 		bl	HAL_NVIC_SetPriority
 204              	.LVL8:
  87:Core/Src/usart.c ****   /* USER CODE BEGIN USART2_MspInit 1 */
 205              		.loc 1 87 5 view .LVU60
 206 0062 1C20     		movs	r0, #28
 207 0064 FFF7FEFF 		bl	HAL_NVIC_EnableIRQ
 208              	.LVL9:
 209              		.loc 1 92 1 is_stmt 0 view .LVU61
 210 0068 D6E7     		b	.L6
 211              	.L10:
 212 006a C046     		.align	2
 213              	.L9:
 214 006c 00440040 		.word	1073759232
 215 0070 00100240 		.word	1073876992
 216              		.cfi_endproc
 217              	.LFE41:
 219              		.section	.text.HAL_UART_MspDeInit,"ax",%progbits
 220              		.align	1
 221              		.global	HAL_UART_MspDeInit
 222              		.syntax unified
 223              		.code	16
 224              		.thumb_func
 226              	HAL_UART_MspDeInit:
 227              	.LVL10:
 228              	.LFB42:
  93:Core/Src/usart.c **** 
  94:Core/Src/usart.c **** void HAL_UART_MspDeInit(UART_HandleTypeDef* uartHandle)
ARM GAS  C:\Users\Daniel\AppData\Local\Temp\ccc2GU7v.s 			page 7


  95:Core/Src/usart.c **** {
 229              		.loc 1 95 1 is_stmt 1 view -0
 230              		.cfi_startproc
 231              		@ args = 0, pretend = 0, frame = 0
 232              		@ frame_needed = 0, uses_anonymous_args = 0
 233              		.loc 1 95 1 is_stmt 0 view .LVU63
 234 0000 10B5     		push	{r4, lr}
 235              		.cfi_def_cfa_offset 8
 236              		.cfi_offset 4, -8
 237              		.cfi_offset 14, -4
  96:Core/Src/usart.c **** 
  97:Core/Src/usart.c ****   if(uartHandle->Instance==USART2)
 238              		.loc 1 97 3 is_stmt 1 view .LVU64
 239              		.loc 1 97 16 is_stmt 0 view .LVU65
 240 0002 0268     		ldr	r2, [r0]
 241              		.loc 1 97 5 view .LVU66
 242 0004 084B     		ldr	r3, .L14
 243 0006 9A42     		cmp	r2, r3
 244 0008 00D0     		beq	.L13
 245              	.LVL11:
 246              	.L11:
  98:Core/Src/usart.c ****   {
  99:Core/Src/usart.c ****   /* USER CODE BEGIN USART2_MspDeInit 0 */
 100:Core/Src/usart.c **** 
 101:Core/Src/usart.c ****   /* USER CODE END USART2_MspDeInit 0 */
 102:Core/Src/usart.c ****     /* Peripheral clock disable */
 103:Core/Src/usart.c ****     __HAL_RCC_USART2_CLK_DISABLE();
 104:Core/Src/usart.c **** 
 105:Core/Src/usart.c ****     /**USART2 GPIO Configuration
 106:Core/Src/usart.c ****     PA2     ------> USART2_TX
 107:Core/Src/usart.c ****     PA3     ------> USART2_RX
 108:Core/Src/usart.c ****     */
 109:Core/Src/usart.c ****     HAL_GPIO_DeInit(GPIOA, GPIO_PIN_2|GPIO_PIN_3);
 110:Core/Src/usart.c **** 
 111:Core/Src/usart.c ****     /* USART2 interrupt Deinit */
 112:Core/Src/usart.c ****     HAL_NVIC_DisableIRQ(USART2_IRQn);
 113:Core/Src/usart.c ****   /* USER CODE BEGIN USART2_MspDeInit 1 */
 114:Core/Src/usart.c **** 
 115:Core/Src/usart.c ****   /* USER CODE END USART2_MspDeInit 1 */
 116:Core/Src/usart.c ****   }
 117:Core/Src/usart.c **** }
 247              		.loc 1 117 1 view .LVU67
 248              		@ sp needed
 249 000a 10BD     		pop	{r4, pc}
 250              	.LVL12:
 251              	.L13:
 103:Core/Src/usart.c **** 
 252              		.loc 1 103 5 is_stmt 1 view .LVU68
 253 000c 074A     		ldr	r2, .L14+4
 254 000e D369     		ldr	r3, [r2, #28]
 255 0010 0749     		ldr	r1, .L14+8
 256 0012 0B40     		ands	r3, r1
 257 0014 D361     		str	r3, [r2, #28]
 109:Core/Src/usart.c **** 
 258              		.loc 1 109 5 view .LVU69
 259 0016 9020     		movs	r0, #144
 260              	.LVL13:
ARM GAS  C:\Users\Daniel\AppData\Local\Temp\ccc2GU7v.s 			page 8


 109:Core/Src/usart.c **** 
 261              		.loc 1 109 5 is_stmt 0 view .LVU70
 262 0018 0C21     		movs	r1, #12
 263 001a C005     		lsls	r0, r0, #23
 264 001c FFF7FEFF 		bl	HAL_GPIO_DeInit
 265              	.LVL14:
 112:Core/Src/usart.c ****   /* USER CODE BEGIN USART2_MspDeInit 1 */
 266              		.loc 1 112 5 is_stmt 1 view .LVU71
 267 0020 1C20     		movs	r0, #28
 268 0022 FFF7FEFF 		bl	HAL_NVIC_DisableIRQ
 269              	.LVL15:
 270              		.loc 1 117 1 is_stmt 0 view .LVU72
 271 0026 F0E7     		b	.L11
 272              	.L15:
 273              		.align	2
 274              	.L14:
 275 0028 00440040 		.word	1073759232
 276 002c 00100240 		.word	1073876992
 277 0030 FFFFFDFF 		.word	-131073
 278              		.cfi_endproc
 279              	.LFE42:
 281              		.global	huart2
 282              		.section	.bss.huart2,"aw",%nobits
 283              		.align	2
 286              	huart2:
 287 0000 00000000 		.space	136
 287      00000000 
 287      00000000 
 287      00000000 
 287      00000000 
 288              		.text
 289              	.Letext0:
 290              		.file 2 "Drivers/CMSIS/Device/ST/STM32F0xx/Include/stm32f042x6.h"
 291              		.file 3 "c:\\users\\daniel\\appdata\\roaming\\code\\user\\globalstorage\\bmd.stm32-for-vscode\\@xp
 292              		.file 4 "c:\\users\\daniel\\appdata\\roaming\\code\\user\\globalstorage\\bmd.stm32-for-vscode\\@xp
 293              		.file 5 "Drivers/STM32F0xx_HAL_Driver/Inc/stm32f0xx_hal_def.h"
 294              		.file 6 "Drivers/STM32F0xx_HAL_Driver/Inc/stm32f0xx_hal_gpio.h"
 295              		.file 7 "Drivers/STM32F0xx_HAL_Driver/Inc/stm32f0xx_hal_dma.h"
 296              		.file 8 "Drivers/STM32F0xx_HAL_Driver/Inc/stm32f0xx_hal_uart.h"
 297              		.file 9 "Drivers/STM32F0xx_HAL_Driver/Inc/stm32f0xx_hal_cortex.h"
 298              		.file 10 "Core/Inc/usart.h"
 299              		.file 11 "Core/Inc/main.h"
 300              		.file 12 "<built-in>"
ARM GAS  C:\Users\Daniel\AppData\Local\Temp\ccc2GU7v.s 			page 9


DEFINED SYMBOLS
                            *ABS*:00000000 usart.c
C:\Users\Daniel\AppData\Local\Temp\ccc2GU7v.s:19     .text.MX_USART2_UART_Init:00000000 $t
C:\Users\Daniel\AppData\Local\Temp\ccc2GU7v.s:25     .text.MX_USART2_UART_Init:00000000 MX_USART2_UART_Init
C:\Users\Daniel\AppData\Local\Temp\ccc2GU7v.s:90     .text.MX_USART2_UART_Init:00000030 $d
C:\Users\Daniel\AppData\Local\Temp\ccc2GU7v.s:286    .bss.huart2:00000000 huart2
C:\Users\Daniel\AppData\Local\Temp\ccc2GU7v.s:97     .text.HAL_UART_MspInit:00000000 $t
C:\Users\Daniel\AppData\Local\Temp\ccc2GU7v.s:103    .text.HAL_UART_MspInit:00000000 HAL_UART_MspInit
C:\Users\Daniel\AppData\Local\Temp\ccc2GU7v.s:214    .text.HAL_UART_MspInit:0000006c $d
C:\Users\Daniel\AppData\Local\Temp\ccc2GU7v.s:220    .text.HAL_UART_MspDeInit:00000000 $t
C:\Users\Daniel\AppData\Local\Temp\ccc2GU7v.s:226    .text.HAL_UART_MspDeInit:00000000 HAL_UART_MspDeInit
C:\Users\Daniel\AppData\Local\Temp\ccc2GU7v.s:275    .text.HAL_UART_MspDeInit:00000028 $d
C:\Users\Daniel\AppData\Local\Temp\ccc2GU7v.s:283    .bss.huart2:00000000 $d

UNDEFINED SYMBOLS
HAL_UART_Init
Error_Handler
memset
HAL_GPIO_Init
HAL_NVIC_SetPriority
HAL_NVIC_EnableIRQ
HAL_GPIO_DeInit
HAL_NVIC_DisableIRQ
